250904 08:14:11 mysqld_safe Starting mariadbd daemon with databases from /config/databases
2025-09-04  8:14:11 0 [Note] Starting MariaDB 11.4.8-MariaDB-log source revision c4ed889b74ed95fa8b4eaf96610d4c1480b346a4 server_uid /JISmLR5GPrmaTBgd28PlCFDwj8= as process 502
2025-09-04  8:14:11 0 [Note] InnoDB: Compressed tables use zlib 1.3.1
2025-09-04  8:14:11 0 [Note] InnoDB: Number of transaction pools: 1
2025-09-04  8:14:11 0 [Note] InnoDB: Using crc32 + pclmulqdq instructions
2025-09-04  8:14:11 0 [Note] InnoDB: Using Linux native AIO
2025-09-04  8:14:11 0 [Note] InnoDB: innodb_buffer_pool_size_max=256m, innodb_buffer_pool_size=256m
2025-09-04  8:14:11 0 [Note] InnoDB: Completed initialization of buffer pool
2025-09-04  8:14:11 0 [Note] InnoDB: File system buffers for log disabled (block size=512 bytes)
2025-09-04  8:14:11 0 [Note] InnoDB: End of log at LSN=47763
2025-09-04  8:14:11 0 [Note] InnoDB: Opened 3 undo tablespaces
2025-09-04  8:14:11 0 [Note] InnoDB: 128 rollback segments in 3 undo tablespaces are active.
2025-09-04  8:14:11 0 [Note] InnoDB: Setting file './ibtmp1' size to 12.000MiB. Physically writing the file full; Please wait ...
2025-09-04  8:14:11 0 [Note] InnoDB: File './ibtmp1' size is now 12.000MiB.
2025-09-04  8:14:11 0 [Note] InnoDB: log sequence number 47763; transaction id 14
2025-09-04  8:14:11 0 [Note] Plugin 'FEEDBACK' is disabled.
2025-09-04  8:14:11 0 [Note] Plugin 'wsrep-provider' is disabled.
2025-09-04  8:14:11 0 [Note] InnoDB: Loading buffer pool(s) from /config/databases/ib_buffer_pool
2025-09-04  8:14:11 0 [Note] InnoDB: Buffer pool(s) load completed at 250904  8:14:11
2025-09-04  8:14:11 0 [Note] Server socket created on IP: '0.0.0.0', port: '3306'.
2025-09-04  8:14:11 0 [Note] Server socket created on IP: '::', port: '3306'.
2025-09-04  8:14:11 0 [Note] mariadbd: Event Scheduler: Loaded 0 events
2025-09-04  8:14:11 0 [Note] /usr/bin/mariadbd: ready for connections.
Version: '11.4.8-MariaDB-log'  socket: '/run/mysqld/mysqld.sock'  port: 3306  Alpine Linux
2025-09-04  8:14:12 4 [Warning] Aborted connection 4 to db: 'unconnected' user: 'unauthenticated' host: 'localhost' (This connection closed normally without authentication)
2025-09-04  8:14:49 0 [Note] /usr/bin/mariadbd (initiated by: unknown): Normal shutdown
2025-09-04  8:14:49 0 [Note] InnoDB: FTS optimize thread exiting.
2025-09-04  8:14:49 0 [Note] InnoDB: Starting shutdown...
2025-09-04  8:14:49 0 [Note] InnoDB: Dumping buffer pool(s) to /config/databases/ib_buffer_pool
2025-09-04  8:14:49 0 [Note] InnoDB: Buffer pool(s) dump completed at 250904  8:14:49
2025-09-04  8:14:49 0 [Note] InnoDB: Removed temporary tablespace data file: "./ibtmp1"
2025-09-04  8:14:49 0 [Note] InnoDB: Shutdown completed; log sequence number 47763; transaction id 15
2025-09-04  8:14:49 0 [Note] /usr/bin/mariadbd: Shutdown complete
250904 08:14:49 mysqld_safe mysqld from pid file /run/mysqld/mysqld.pid ended
250904 11:33:12 mysqld_safe Starting mariadbd daemon with databases from /config/databases
2025-09-04 11:33:12 0 [Note] Starting MariaDB 11.4.8-MariaDB-log source revision c4ed889b74ed95fa8b4eaf96610d4c1480b346a4 server_uid tSWpo9HnKnSX/BcaRJ/4pMJbz9A= as process 424
2025-09-04 11:33:12 0 [Note] InnoDB: Compressed tables use zlib 1.3.1
2025-09-04 11:33:12 0 [Note] InnoDB: Number of transaction pools: 1
2025-09-04 11:33:12 0 [Note] InnoDB: Using crc32 + pclmulqdq instructions
2025-09-04 11:33:12 0 [Note] InnoDB: Using Linux native AIO
2025-09-04 11:33:12 0 [Note] InnoDB: innodb_buffer_pool_size_max=256m, innodb_buffer_pool_size=256m
2025-09-04 11:33:12 0 [Note] InnoDB: Completed initialization of buffer pool
2025-09-04 11:33:12 0 [Note] InnoDB: File system buffers for log disabled (block size=512 bytes)
2025-09-04 11:33:12 0 [Note] InnoDB: End of log at LSN=47763
2025-09-04 11:33:12 0 [Note] InnoDB: Opened 3 undo tablespaces
2025-09-04 11:33:12 0 [Note] InnoDB: 128 rollback segments in 3 undo tablespaces are active.
2025-09-04 11:33:12 0 [Note] InnoDB: Setting file './ibtmp1' size to 12.000MiB. Physically writing the file full; Please wait ...
2025-09-04 11:33:12 0 [Note] InnoDB: File './ibtmp1' size is now 12.000MiB.
2025-09-04 11:33:12 0 [Note] InnoDB: log sequence number 47763; transaction id 14
2025-09-04 11:33:12 0 [Note] Plugin 'FEEDBACK' is disabled.
2025-09-04 11:33:12 0 [Note] Plugin 'wsrep-provider' is disabled.
2025-09-04 11:33:12 0 [Note] InnoDB: Loading buffer pool(s) from /config/databases/ib_buffer_pool
2025-09-04 11:33:12 0 [Note] InnoDB: Buffer pool(s) load completed at 250904 11:33:12
2025-09-04 11:33:13 0 [Note] Server socket created on IP: '0.0.0.0', port: '3306'.
2025-09-04 11:33:13 0 [Note] Server socket created on IP: '::', port: '3306'.
2025-09-04 11:33:13 0 [Note] mariadbd: Event Scheduler: Loaded 0 events
2025-09-04 11:33:13 0 [Note] /usr/bin/mariadbd: ready for connections.
Version: '11.4.8-MariaDB-log'  socket: '/run/mysqld/mysqld.sock'  port: 3306  Alpine Linux
2025-09-04 11:33:14 4 [Warning] Aborted connection 4 to db: 'unconnected' user: 'unauthenticated' host: 'localhost' (This connection closed normally without authentication)
2025-09-04 11:33:51 0 [Note] /usr/bin/mariadbd (initiated by: unknown): Normal shutdown
2025-09-04 11:33:51 0 [Note] InnoDB: FTS optimize thread exiting.
2025-09-04 11:33:51 0 [Note] InnoDB: Starting shutdown...
2025-09-04 11:33:51 0 [Note] InnoDB: Dumping buffer pool(s) to /config/databases/ib_buffer_pool
2025-09-04 11:33:51 0 [Note] InnoDB: Buffer pool(s) dump completed at 250904 11:33:51
2025-09-04 11:33:51 0 [Note] InnoDB: Removed temporary tablespace data file: "./ibtmp1"
2025-09-04 11:33:51 0 [Note] InnoDB: Shutdown completed; log sequence number 47763; transaction id 15
2025-09-04 11:33:51 0 [Note] /usr/bin/mariadbd: Shutdown complete
250904 11:33:51 mysqld_safe mysqld from pid file /run/mysqld/mysqld.pid ended
250904 11:44:12 mysqld_safe Starting mariadbd daemon with databases from /config/databases
2025-09-04 11:44:13 0 [Note] Starting MariaDB 11.4.8-MariaDB-log source revision c4ed889b74ed95fa8b4eaf96610d4c1480b346a4 server_uid /X7RWaYhEXYfEdBIhXKb2gtI+I4= as process 421
2025-09-04 11:44:13 0 [Note] InnoDB: Compressed tables use zlib 1.3.1
2025-09-04 11:44:13 0 [Note] InnoDB: Number of transaction pools: 1
2025-09-04 11:44:13 0 [Note] InnoDB: Using crc32 + pclmulqdq instructions
2025-09-04 11:44:13 0 [Note] InnoDB: Using Linux native AIO
2025-09-04 11:44:13 0 [Note] InnoDB: innodb_buffer_pool_size_max=256m, innodb_buffer_pool_size=256m
2025-09-04 11:44:13 0 [Note] InnoDB: Completed initialization of buffer pool
2025-09-04 11:44:13 0 [Note] InnoDB: File system buffers for log disabled (block size=512 bytes)
2025-09-04 11:44:13 0 [Note] InnoDB: End of log at LSN=47763
2025-09-04 11:44:13 0 [Note] InnoDB: Opened 3 undo tablespaces
2025-09-04 11:44:13 0 [Note] InnoDB: 128 rollback segments in 3 undo tablespaces are active.
2025-09-04 11:44:13 0 [Note] InnoDB: Setting file './ibtmp1' size to 12.000MiB. Physically writing the file full; Please wait ...
2025-09-04 11:44:13 0 [Note] InnoDB: File './ibtmp1' size is now 12.000MiB.
2025-09-04 11:44:13 0 [Note] InnoDB: log sequence number 47763; transaction id 14
2025-09-04 11:44:13 0 [Note] InnoDB: Loading buffer pool(s) from /config/databases/ib_buffer_pool
2025-09-04 11:44:13 0 [Note] Plugin 'FEEDBACK' is disabled.
2025-09-04 11:44:13 0 [Note] Plugin 'wsrep-provider' is disabled.
2025-09-04 11:44:13 0 [Note] InnoDB: Buffer pool(s) load completed at 250904 11:44:13
2025-09-04 11:44:13 0 [Note] Server socket created on IP: '0.0.0.0', port: '3306'.
2025-09-04 11:44:13 0 [Note] Server socket created on IP: '::', port: '3306'.
2025-09-04 11:44:13 0 [Note] mariadbd: Event Scheduler: Loaded 0 events
2025-09-04 11:44:13 0 [Note] /usr/bin/mariadbd: ready for connections.
Version: '11.4.8-MariaDB-log'  socket: '/run/mysqld/mysqld.sock'  port: 3306  Alpine Linux
2025-09-04 11:44:14 4 [Warning] Aborted connection 4 to db: 'unconnected' user: 'unauthenticated' host: 'localhost' (This connection closed normally without authentication)
2025-09-04 11:44:46 0 [Note] /usr/bin/mariadbd (initiated by: unknown): Normal shutdown
2025-09-04 11:44:46 0 [Note] InnoDB: FTS optimize thread exiting.
2025-09-04 11:44:46 0 [Note] InnoDB: Starting shutdown...
2025-09-04 11:44:46 0 [Note] InnoDB: Dumping buffer pool(s) to /config/databases/ib_buffer_pool
2025-09-04 11:44:46 0 [Note] InnoDB: Buffer pool(s) dump completed at 250904 11:44:46
2025-09-04 11:44:46 0 [Note] InnoDB: Removed temporary tablespace data file: "./ibtmp1"
2025-09-04 11:44:46 0 [Note] InnoDB: Shutdown completed; log sequence number 47763; transaction id 15
2025-09-04 11:44:46 0 [Note] /usr/bin/mariadbd: Shutdown complete
250904 11:44:46 mysqld_safe mysqld from pid file /run/mysqld/mysqld.pid ended
250904 11:51:50 mysqld_safe Starting mariadbd daemon with databases from /config/databases
2025-09-04 11:51:50 0 [Note] Starting MariaDB 11.4.8-MariaDB-log source revision c4ed889b74ed95fa8b4eaf96610d4c1480b346a4 server_uid aKdzVUFGjPI+lnBjbrE6gevE9Lc= as process 424
2025-09-04 11:51:50 0 [Note] InnoDB: Compressed tables use zlib 1.3.1
2025-09-04 11:51:50 0 [Note] InnoDB: Number of transaction pools: 1
2025-09-04 11:51:50 0 [Note] InnoDB: Using crc32 + pclmulqdq instructions
2025-09-04 11:51:50 0 [Note] InnoDB: Using Linux native AIO
2025-09-04 11:51:50 0 [Note] InnoDB: innodb_buffer_pool_size_max=256m, innodb_buffer_pool_size=256m
2025-09-04 11:51:50 0 [Note] InnoDB: Completed initialization of buffer pool
2025-09-04 11:51:50 0 [Note] InnoDB: File system buffers for log disabled (block size=512 bytes)
2025-09-04 11:51:50 0 [Note] InnoDB: End of log at LSN=47763
2025-09-04 11:51:50 0 [Note] InnoDB: Opened 3 undo tablespaces
2025-09-04 11:51:50 0 [Note] InnoDB: 128 rollback segments in 3 undo tablespaces are active.
2025-09-04 11:51:50 0 [Note] InnoDB: Setting file './ibtmp1' size to 12.000MiB. Physically writing the file full; Please wait ...
2025-09-04 11:51:50 0 [Note] InnoDB: File './ibtmp1' size is now 12.000MiB.
2025-09-04 11:51:50 0 [Note] InnoDB: log sequence number 47763; transaction id 14
2025-09-04 11:51:50 0 [Note] InnoDB: Loading buffer pool(s) from /config/databases/ib_buffer_pool
2025-09-04 11:51:50 0 [Note] Plugin 'FEEDBACK' is disabled.
2025-09-04 11:51:50 0 [Note] Plugin 'wsrep-provider' is disabled.
2025-09-04 11:51:50 0 [Note] InnoDB: Buffer pool(s) load completed at 250904 11:51:50
2025-09-04 11:51:51 0 [Note] Server socket created on IP: '0.0.0.0', port: '3306'.
2025-09-04 11:51:51 0 [Note] Server socket created on IP: '::', port: '3306'.
2025-09-04 11:51:51 0 [Note] mariadbd: Event Scheduler: Loaded 0 events
2025-09-04 11:51:51 0 [Note] /usr/bin/mariadbd: ready for connections.
Version: '11.4.8-MariaDB-log'  socket: '/run/mysqld/mysqld.sock'  port: 3306  Alpine Linux
2025-09-04 11:51:52 4 [Warning] Aborted connection 4 to db: 'unconnected' user: 'unauthenticated' host: 'localhost' (This connection closed normally without authentication)
